<?xml version="1.0" encoding="UTF-8"?>
<!-- Generated by org.testng.reporters.JUnitXMLReporter -->
<testsuite ignored="0" hostname="DESKTOP-NIEJRCN" failures="1" tests="5" name="Test" time="0.157" errors="0" timestamp="2022-12-14T19:13:31 IST">
  <testcase classname="com.TestNG.TestNG_IRetryAnalyser" name="asset_request" time="0.02">
    <skipped/>
  </testcase> <!-- asset_request -->
  <testcase classname="com.TestNG.TestNG_IRetryAnalyser" name="asset_request" time="0.008">
    <skipped/>
  </testcase> <!-- asset_request -->
  <testcase classname="com.TestNG.TestNG_IRetryAnalyser" name="asset_request" time="0.002">
    <skipped/>
  </testcase> <!-- asset_request -->
  <testcase classname="com.TestNG.TestNG_IRetryAnalyser" name="asset_request" time="0.012">
    <failure type="java.lang.AssertionError" message="expected [Mouse] but found [Keyboard]">
      <![CDATA[java.lang.AssertionError: expected [Mouse] but found [Keyboard]
at com.TestNG.TestNG_IRetryAnalyser.asset_request(TestNG_IRetryAnalyser.java:20)
at java.base/java.util.ArrayList.forEach(ArrayList.java:1511)
... Removed 33 stack frames]]>
    </failure>
  </testcase> <!-- asset_request -->
  <testcase classname="com.TestNG.TestNG_IRetryAnalyser" name="item_receipt" time="0.005"/>
</testsuite> <!-- Test -->
